<?xml version="1.0" encoding="UTF-8"?>
<robot generator="Robot 4.1 (Python 3.9.2 on win32)" generated="20210809 18:20:09.771" rpa="false" schemaversion="2">
<suite id="s1" name="Robot Test Case" source="C:\Users\Eqan Ahmad\Desktop\Automation With Python\robot_test_case.robot">
<test id="s1-t1" name="My Test">
<kw name="Log" library="BuiltIn">
<arg>${MESSAGE}</arg>
<doc>Logs the given message with the given level.</doc>
<msg timestamp="20210809 18:20:09.812" level="INFO">Hello, world!</msg>
<status status="PASS" starttime="20210809 18:20:09.812" endtime="20210809 18:20:09.812"/>
</kw>
<kw name="My Keyword">
<arg>C:\\Users\\Eqan Ahmad\\Desktop\\Automation With Python</arg>
<kw name="Directory Should Exist" library="OperatingSystem">
<arg>${path}</arg>
<doc>Fails unless the given path points to an existing directory.</doc>
<msg timestamp="20210809 18:20:09.814" level="INFO" html="true">Directory '&lt;a href="file://C:\Users\Eqan Ahmad\Desktop\Automation With Python"&gt;C:\Users\Eqan Ahmad\Desktop\Automation With Python&lt;/a&gt;' exists.</msg>
<status status="PASS" starttime="20210809 18:20:09.813" endtime="20210809 18:20:09.814"/>
</kw>
<status status="PASS" starttime="20210809 18:20:09.813" endtime="20210809 18:20:09.814"/>
</kw>
<doc>Example test.</doc>
<status status="PASS" starttime="20210809 18:20:09.811" endtime="20210809 18:20:09.815"/>
</test>
<test id="s1-t2" name="Another Test">
<kw name="Should Be Equal" library="BuiltIn">
<arg>${MESSAGE}</arg>
<arg>Hello, world!</arg>
<doc>Fails if the given objects are unequal.</doc>
<status status="PASS" starttime="20210809 18:20:09.816" endtime="20210809 18:20:09.816"/>
</kw>
<status status="PASS" starttime="20210809 18:20:09.815" endtime="20210809 18:20:09.817"/>
</test>
<doc>Example using the space separated format.</doc>
<status status="PASS" starttime="20210809 18:20:09.772" endtime="20210809 18:20:09.818"/>
</suite>
<statistics>
<total>
<stat pass="2" fail="0" skip="0">All Tests</stat>
</total>
<tag>
</tag>
<suite>
<stat pass="2" fail="0" skip="0" id="s1" name="Robot Test Case">Robot Test Case</stat>
</suite>
</statistics>
<errors>
</errors>
</robot>
